# JRE version: Java(TM) SE Runtime Environment (17.0.10+11) (build 17.0.10+11-LTS-240)
# Java VM: Java HotSpot(TM) 64-Bit Server VM (17.0.10+11-LTS-240, mixed mode, sharing, tiered, compressed oops, compressed class ptrs, g1 gc, windows-amd64)
GC Precious Log:
 CPUs: 4 total, 4 available
 Memory: 3533M
 Large Page Support: Disabled
 NUMA Support: Disabled
 Compressed Oops: Enabled (32-bit)
 Heap Region Size: 1M
 Heap Min Capacity: 8M
 Heap Initial Capacity: 56M
 Heap Max Capacity: 884M
 Pre-touch: Disabled
 Parallel Workers: 4
 Concurrent Workers: 1
 Concurrent Refinement Workers: 4
 Periodic GC: Disabled
Heap:
 garbage-first heap   total 57344K, used 17158K [0x00000000c8c00000, 0x0000000100000000)
  region size 1024K, 9 young (9216K), 2 survivors (2048K)
 Metaspace       used 18239K, committed 18432K, reserved 1114112K
  class space    used 2128K, committed 2240K, reserved 1048576K
GC Heap History (12 events):
Event: 4.237 GC heap before
{Heap before GC invocations=0 (full 0):
 garbage-first heap   total 57344K, used 13312K [0x00000000c8c00000, 0x0000000100000000)
  region size 1024K, 13 young (13312K), 0 survivors (0K)
 Metaspace       used 3634K, committed 3840K, reserved 1114112K
  class space    used 389K, committed 512K, reserved 1048576K
}
Event: 4.252 GC heap after
{Heap after GC invocations=1 (full 0):
 garbage-first heap   total 57344K, used 3190K [0x00000000c8c00000, 0x0000000100000000)
  region size 1024K, 2 young (2048K), 2 survivors (2048K)
 Metaspace       used 3634K, committed 3840K, reserved 1114112K
  class space    used 389K, committed 512K, reserved 1048576K
}
Event: 4.872 GC heap before
{Heap before GC invocations=1 (full 0):
 garbage-first heap   total 57344K, used 15478K [0x00000000c8c00000, 0x0000000100000000)
  region size 1024K, 14 young (14336K), 2 survivors (2048K)
 Metaspace       used 5611K, committed 5824K, reserved 1114112K
  class space    used 679K, committed 768K, reserved 1048576K
}
Event: 4.877 GC heap after
{Heap after GC invocations=2 (full 0):
 garbage-first heap   total 57344K, used 3789K [0x00000000c8c00000, 0x0000000100000000)
  region size 1024K, 1 young (1024K), 1 survivors (1024K)
 Metaspace       used 5611K, committed 5824K, reserved 1114112K
  class space    used 679K, committed 768K, reserved 1048576K
}
Event: 6.633 GC heap before
{Heap before GC invocations=2 (full 0):
 garbage-first heap   total 57344K, used 26317K [0x00000000c8c00000, 0x0000000100000000)
  region size 1024K, 23 young (23552K), 1 survivors (1024K)
 Metaspace       used 8655K, committed 8832K, reserved 1114112K
  class space    used 1035K, committed 1088K, reserved 1048576K
}
Event: 6.638 GC heap after
{Heap after GC invocations=3 (full 0):
 garbage-first heap   total 57344K, used 4741K [0x00000000c8c00000, 0x0000000100000000)
  region size 1024K, 2 young (2048K), 2 survivors (2048K)
 Metaspace       used 8655K, committed 8832K, reserved 1114112K
  class space    used 1035K, committed 1088K, reserved 1048576K
}
Event: 11.711 GC heap before
{Heap before GC invocations=3 (full 0):
 garbage-first heap   total 57344K, used 36485K [0x00000000c8c00000, 0x0000000100000000)
  region size 1024K, 33 young (33792K), 2 survivors (2048K)
 Metaspace       used 14860K, committed 14976K, reserved 1114112K
  class space    used 1816K, committed 1856K, reserved 1048576K
}
Event: 11.726 GC heap after
{Heap after GC invocations=4 (full 0):
 garbage-first heap   total 57344K, used 7417K [0x00000000c8c00000, 0x0000000100000000)
  region size 1024K, 5 young (5120K), 5 survivors (5120K)
 Metaspace       used 14860K, committed 14976K, reserved 1114112K
  class space    used 1816K, committed 1856K, reserved 1048576K
}
Event: 13.927 GC heap before
{Heap before GC invocations=4 (full 0):
 garbage-first heap   total 57344K, used 36089K [0x00000000c8c00000, 0x0000000100000000)
  region size 1024K, 33 young (33792K), 5 survivors (5120K)
 Metaspace       used 16455K, committed 16704K, reserved 1114112K
  class space    used 1981K, committed 2112K, reserved 1048576K
}
Event: 13.944 GC heap after
{Heap after GC invocations=5 (full 0):
 garbage-first heap   total 57344K, used 9735K [0x00000000c8c00000, 0x0000000100000000)
  region size 1024K, 3 young (3072K), 3 survivors (3072K)
 Metaspace       used 16455K, committed 16704K, reserved 1114112K
  class space    used 1981K, committed 2112K, reserved 1048576K
}
Event: 15.689 GC heap before
{Heap before GC invocations=5 (full 0):
 garbage-first heap   total 57344K, used 39431K [0x00000000c8c00000, 0x0000000100000000)
  region size 1024K, 32 young (32768K), 3 survivors (3072K)
 Metaspace       used 17709K, committed 17984K, reserved 1114112K
  class space    used 2075K, committed 2176K, reserved 1048576K
}
Event: 15.698 GC heap after
{Heap after GC invocations=6 (full 0):
 garbage-first heap   total 57344K, used 11014K [0x00000000c8c00000, 0x0000000100000000)
  region size 1024K, 2 young (2048K), 2 survivors (2048K)
 Metaspace       used 17709K, committed 17984K, reserved 1114112K
  class space    used 2075K, committed 2176K, reserved 1048576K
}

