<?xml version="1.0" encoding="UTF-8"?>
<testng-results ignored="0" total="6" passed="6" failed="0" skipped="0">
  <reporter-output>
  </reporter-output>
  <suite started-at="2025-01-19T23:02:59 WIB" name="Suite TestNG x Selenium" finished-at="2025-01-19T23:02:59 WIB" duration-ms="103">
    <groups>
    </groups>
    <test started-at="2025-01-19T23:02:59 WIB" name="Firt My Test" finished-at="2025-01-19T23:02:59 WIB" duration-ms="103">
      <class name="com.testsqa.CalculatorTest">
        <test-method signature="Modulo()[pri:0, instance:com.testsqa.CalculatorTest@5be6e01c]" started-at="2025-01-19T23:02:59 WIB" name="Modulo" finished-at="2025-01-19T23:02:59 WIB" duration-ms="16" status="PASS">
          <reporter-output>
          </reporter-output>
        </test-method> <!-- Modulo -->
        <test-method signature="multiplication()[pri:0, instance:com.testsqa.CalculatorTest@5be6e01c]" started-at="2025-01-19T23:02:59 WIB" name="multiplication" finished-at="2025-01-19T23:02:59 WIB" duration-ms="15" status="PASS">
          <reporter-output>
          </reporter-output>
        </test-method> <!-- multiplication -->
        <test-method signature="divided()[pri:0, instance:com.testsqa.CalculatorTest@5be6e01c]" started-at="2025-01-19T23:02:59 WIB" name="divided" finished-at="2025-01-19T23:02:59 WIB" duration-ms="0" status="PASS">
          <reporter-output>
          </reporter-output>
        </test-method> <!-- divided -->
        <test-method signature="bmi()[pri:0, instance:com.testsqa.CalculatorTest@5be6e01c]" started-at="2025-01-19T23:02:59 WIB" name="bmi" finished-at="2025-01-19T23:02:59 WIB" duration-ms="0" status="PASS">
          <reporter-output>
          </reporter-output>
        </test-method> <!-- bmi -->
        <test-method signature="add()[pri:0, instance:com.testsqa.CalculatorTest@5be6e01c]" started-at="2025-01-19T23:02:59 WIB" name="add" finished-at="2025-01-19T23:02:59 WIB" duration-ms="0" status="PASS">
          <reporter-output>
          </reporter-output>
        </test-method> <!-- add -->
        <test-method signature="subtract()[pri:0, instance:com.testsqa.CalculatorTest@5be6e01c]" started-at="2025-01-19T23:02:59 WIB" name="subtract" finished-at="2025-01-19T23:02:59 WIB" duration-ms="0" status="PASS">
          <reporter-output>
          </reporter-output>
        </test-method> <!-- subtract -->
      </class> <!-- com.testsqa.CalculatorTest -->
    </test> <!-- Firt My Test -->
  </suite> <!-- Suite TestNG x Selenium -->
</testng-results>
