<?xml version="1.0" encoding="UTF-8"?>
<!-- Generated by org.testng.reporters.JUnitXMLReporter -->
<testsuite ignored="0" hostname="LAPTOP-BPHIKLG5" failures="0" tests="6" name="Firt My Test" time="0.103" errors="0" timestamp="2025-01-19T23:02:59 WIB">
  <testcase classname="com.testsqa.CalculatorTest" name="Modulo" time="0.016"/>
  <testcase classname="com.testsqa.CalculatorTest" name="add" time="0.0"/>
  <testcase classname="com.testsqa.CalculatorTest" name="bmi" time="0.0"/>
  <testcase classname="com.testsqa.CalculatorTest" name="divided" time="0.0"/>
  <testcase classname="com.testsqa.CalculatorTest" name="multiplication" time="0.015"/>
  <testcase classname="com.testsqa.CalculatorTest" name="subtract" time="0.0"/>
</testsuite> <!-- Firt My Test -->
